This file contains any messages produced by compilers while
running configure, to aid debugging if configure makes a mistake.

configure:571: checking for ranlib
configure:841: checking how to run the C preprocessor
configure:862: cc -E  conftest.c >/dev/null 2>conftest.out
configure:924: checking for unistd.h
configure:934: cc -E  conftest.c >/dev/null 2>conftest.out
configure:924: checking for limits.h
configure:934: cc -E  conftest.c >/dev/null 2>conftest.out
configure:967: checking for building with threads
configure:1252: checking if the compiler understands -pipe
configure:1263: cc -pipe -c   conftest.c 1>&5
configure:1286: checking for getcwd
configure:1314: cc -pipe -o conftest    conftest.c  1>&5
configure:1348: checking for opendir
configure:1376: cc -pipe -o conftest    conftest.c  1>&5
configure:1348: checking for strstr
configure:1376: cc -pipe -o conftest    conftest.c  1>&5
configure:1360: warning: conflicting types for built-in function 'strstr'
configure:1406: checking for strtol
configure:1434: cc -pipe -o conftest    conftest.c  1>&5
configure:1406: checking for tmpnam
configure:1434: cc -pipe -o conftest    conftest.c  1>&5
configure:1406: checking for waitpid
configure:1434: cc -pipe -o conftest    conftest.c  1>&5
configure:1461: checking for strerror
configure:1489: cc -pipe -o conftest    conftest.c  1>&5
configure:1513: checking for getwd
configure:1541: cc -pipe -o conftest    conftest.c  1>&5
configure:1565: checking for wait3
configure:1593: cc -pipe -o conftest    conftest.c  1>&5
configure:1617: checking for uname
configure:1645: cc -pipe -o conftest    conftest.c  1>&5
configure:1669: checking for realpath
configure:1697: cc -pipe -o conftest    conftest.c  1>&5
configure:1733: checking dirent.h
configure:1761: cc -pipe -o conftest    conftest.c  1>&5
configure:1782: checking for errno.h
configure:1792: cc -E  conftest.c >/dev/null 2>conftest.out
configure:1819: checking for float.h
configure:1829: cc -E  conftest.c >/dev/null 2>conftest.out
configure:1856: checking for values.h
configure:1866: cc -E  conftest.c >/dev/null 2>conftest.out
configure:1862:20: error: values.h: No such file or directory
configure: failed program was:
#line 1861 "configure"
#include "confdefs.h"
#include <values.h>
configure:1893: checking for limits.h
configure:1930: checking for stdlib.h
configure:1940: cc -E  conftest.c >/dev/null 2>conftest.out
configure:2012: checking for string.h
configure:2022: cc -E  conftest.c >/dev/null 2>conftest.out
configure:2085: checking for sys/wait.h
configure:2095: cc -E  conftest.c >/dev/null 2>conftest.out
configure:2122: checking for dlfcn.h
configure:2132: cc -E  conftest.c >/dev/null 2>conftest.out
configure:2164: checking for unistd.h
configure:2164: checking for sys/param.h
configure:2174: cc -E  conftest.c >/dev/null 2>conftest.out
configure:2211: checking termios vs. termio vs. sgtty
configure:2233: cc -pipe -o conftest    conftest.c  1>&5
configure:2470: checking fd_set and sys/select
configure:2479: cc -pipe -c   conftest.c 1>&5
configure:2522: checking whether struct tm is in sys/time.h or time.h
configure:2535: cc -pipe -c   conftest.c 1>&5
configure:2560: checking for sys/time.h
configure:2570: cc -E  conftest.c >/dev/null 2>conftest.out
configure:2597: checking whether time.h and sys/time.h may both be included
configure:2611: cc -pipe -c   conftest.c 1>&5
configure:2632: checking for tm_zone in struct tm
configure:2645: cc -pipe -c   conftest.c 1>&5
configure:2705: checking for gmtime_r
configure:2733: cc -pipe -o conftest    conftest.c  1>&5
configure:2705: checking for localtime_r
configure:2733: cc -pipe -o conftest    conftest.c  1>&5
configure:2759: checking tm_tzadj in struct tm
configure:2768: cc -pipe -c   conftest.c 1>&5
configure: In function 'main':
configure:2764: error: 'struct tm' has no member named 'tm_tzadj'
configure: failed program was:
#line 2761 "configure"
#include "confdefs.h"
#include <time.h>
int main() {
struct tm tm; tm.tm_tzadj;
; return 0; }
configure:2784: checking tm_gmtoff in struct tm
configure:2793: cc -pipe -c   conftest.c 1>&5
configure:2814: checking long timezone variable
configure:2825: cc -pipe -c   conftest.c 1>&5
configure: In function 'main':
configure:2821: warning: incompatible implicit declaration of built-in function 'exit'
configure:2880: checking for st_blksize in struct stat
configure:2893: cc -pipe -c   conftest.c 1>&5
configure:2914: checking for fstatfs
configure:2942: cc -pipe -o conftest    conftest.c  1>&5
configure:2971: checking for 8-bit clean memcmp
configure:2989: cc -pipe -o conftest    conftest.c  1>&5
configure: In function 'main':
configure:2984: warning: incompatible implicit declaration of built-in function 'exit'
configure:3013: checking for memmove
configure:3041: cc -pipe -o conftest    conftest.c  1>&5
configure:3025: warning: conflicting types for built-in function 'memmove'
configure:3074: checking proper strstr implementation
configure:3089: cc -pipe -o conftest    conftest.c  1>&5
configure:3081: warning: conflicting types for built-in function 'strstr'
configure: In function 'main':
configure:3084: warning: incompatible implicit declaration of built-in function 'exit'
configure:3115: checking for strtoul
configure:3143: cc -pipe -o conftest    conftest.c  1>&5
configure:3183: cc -pipe -o conftest    conftest.c  1>&5
configure: In function 'main':
configure:3177: warning: incompatible implicit declaration of built-in function 'exit'
configure:3179: warning: incompatible implicit declaration of built-in function 'exit'
configure:3206: checking for strtod
configure:3234: cc -pipe -o conftest    conftest.c  1>&5
configure:3274: cc -pipe -o conftest    conftest.c  1>&5
configure: In function 'main':
configure:3268: warning: incompatible implicit declaration of built-in function 'exit'
configure:3270: warning: incompatible implicit declaration of built-in function 'exit'
configure:3300: checking for strtod
configure:3350: checking for Solaris2.4/Tru64 strtod bugs
configure:3375: cc -pipe -o conftest    conftest.c  1>&5
configure: In function 'main':
configure:3365: warning: incompatible implicit declaration of built-in function 'exit'
configure:3369: warning: incompatible implicit declaration of built-in function 'exit'
configure:3371: warning: incompatible implicit declaration of built-in function 'exit'
configure:3406: checking for ANSI C header files
configure:3419: cc -E  conftest.c >/dev/null 2>conftest.out
configure:3486: cc -pipe -o conftest    conftest.c  1>&5
configure: In function 'main':
configure:3481: warning: incompatible implicit declaration of built-in function 'exit'
configure:3510: checking for mode_t
configure:3543: checking for pid_t
configure:3576: checking for size_t
configure:3609: checking for uid_t in sys/types.h
configure:3651: checking for opendir
configure:3712: checking union wait
configure:3726: cc -pipe -o conftest    conftest.c  1>&5
configure:3750: checking matherr support
configure:3763: cc -pipe -c   conftest.c 1>&5
configure:3788: checking for strncasecmp
configure:3816: cc -pipe -o conftest    conftest.c  1>&5
configure:3938: checking for BSDgettimeofday
configure:3966: cc -pipe -o conftest    conftest.c  1>&5
Undefined symbols:
  "_BSDgettimeofday", referenced from:
      _main in ccYymWtB.o
ld: symbol(s) not found
collect2: ld returned 1 exit status
configure: failed program was:
#line 3943 "configure"
#include "confdefs.h"
/* System header to define __stub macros and hopefully few prototypes,
    which can conflict with char BSDgettimeofday(); below.  */
#include <assert.h>
/* Override any gcc2 internal prototype to avoid an error.  */
/* We use char because int might match the return type of a gcc2
    builtin and then its argument prototype would still apply.  */
char BSDgettimeofday();

int main() {

/* The GNU C library defines this for functions which it implements
    to always fail with ENOSYS.  Some functions are actually named
    something starting with __ and the normal name is an alias.  */
#if defined (__stub_BSDgettimeofday) || defined (__stub___BSDgettimeofday)
choke me
#else
BSDgettimeofday();
#endif

; return 0; }
configure:3988: checking for gettimeofday
configure:4016: cc -pipe -o conftest    conftest.c  1>&5
configure:4043: checking for gettimeofday declaration
configure:4073: checking whether char is unsigned
configure:4136: checking signed char declarations
configure:4148: cc -pipe -c   conftest.c 1>&5
configure:4179: checking for sin
configure:4207: cc -pipe -o conftest    conftest.c  1>&5
configure:4191: warning: conflicting types for built-in function 'sin'
configure:4228: checking for main in -lieee
configure:4243: cc -pipe -o conftest    conftest.c -lieee   1>&5
ld: library not found for -lieee
collect2: ld returned 1 exit status
configure: failed program was:
#line 4236 "configure"
#include "confdefs.h"

int main() {
main()
; return 0; }
configure:4270: checking for main in -linet
configure:4285: cc -pipe -o conftest    conftest.c -linet   1>&5
ld: library not found for -linet
collect2: ld returned 1 exit status
configure: failed program was:
#line 4278 "configure"
#include "confdefs.h"

int main() {
main()
; return 0; }
configure:4307: checking for net/errno.h
configure:4317: cc -E  conftest.c >/dev/null 2>conftest.out
configure:4313:23: error: net/errno.h: No such file or directory
configure: failed program was:
#line 4312 "configure"
#include "confdefs.h"
#include <net/errno.h>
configure:4362: checking for connect
configure:4390: cc -pipe -o conftest    conftest.c  1>&5
configure:4555: checking for gethostbyname
configure:4583: cc -pipe -o conftest    conftest.c  1>&5
configure:4666: checking if 64bit support is requested
configure:4686: checking if 64bit Sparc VIS support is requested
configure:4710: checking system version (for dynamic loading)
configure:4736: checking for dlopen in -ldl
configure:4755: cc -pipe -o conftest    conftest.c -ldl   1>&5
configure:4799: checking for ar
configure:5894: checking for build with symbols
configure:5931: checking for sys/ioctl.h
configure:5941: cc -E  conftest.c >/dev/null 2>conftest.out
configure:5971: checking for sys/filio.h
configure:5981: cc -E  conftest.c >/dev/null 2>conftest.out
configure:6008: checking FIONBIO vs. O_NONBLOCK for nonblocking I/O
configure:6070: checking how to build libraries
